2024-02-05 15:42:15,623 - mph - INFO - Starting local Comsol session.
2024-02-05 15:42:16,346 - mph - INFO - Starting Java virtual machine.
2024-02-05 15:42:16,938 - mph - INFO - Java virtual machine has started.
2024-02-05 15:42:17,960 - mph - INFO - Initializing stand-alone client.
2024-02-05 15:42:20,109 - mph - INFO - Preference "tempfiles.saving.warnifoverwriteolder" does not exist.
2024-02-05 15:42:20,142 - mph - INFO - Preference "tempfiles.saving.optimize" does not exist.
2024-02-05 15:42:20,143 - mph - INFO - Stand-alone client initialized.
2024-02-05 15:42:20,144 - mph - INFO - Loading model "li_battery_2d_NMC-Gr.mph".
2024-02-05 15:56:44,472 - pyswarms.backend.generators - ERROR - Bounds and/or init_pos should be of size (4,)
Traceback (most recent call last):
  File "C:\Users\gmtr\PycharmProjects\noubal_comsol\venv\Lib\site-packages\pyswarms\backend\generators.py", line 81, in generate_swarm
    pos = center * np.random.uniform(
                   ^^^^^^^^^^^^^^^^^^
  File "numpy\\random\\mtrand.pyx", line 1171, in numpy.random.mtrand.RandomState.uniform
  File "_common.pyx", line 600, in numpy.random._common.cont
  File "_common.pyx", line 517, in numpy.random._common.cont_broadcast_2
  File "__init__.cython-30.pxd", line 780, in numpy.PyArray_MultiIterNew3
ValueError: shape mismatch: objects cannot be broadcast to a single shape.  Mismatch is between arg 0 with shape (5, 4) and arg 1 with shape (5, 5).
2024-02-05 15:58:54,832 - pyswarms.single.local_best - INFO - Optimize for 1 iters with {'c1': 0.5, 'c2': 0.3, 'w': 0.9, 'k': 5, 'p': 5}
2024-02-05 15:58:54,837 - mph - INFO - Starting local Comsol session.
2024-02-05 15:58:55,546 - mph - INFO - Starting Java virtual machine.
2024-02-05 15:58:56,161 - mph - INFO - Java virtual machine has started.
2024-02-05 15:58:57,271 - mph - INFO - Initializing stand-alone client.
2024-02-05 15:58:59,399 - mph - INFO - Preference "tempfiles.saving.warnifoverwriteolder" does not exist.
2024-02-05 15:58:59,402 - mph - INFO - Preference "tempfiles.saving.optimize" does not exist.
2024-02-05 15:58:59,403 - mph - INFO - Stand-alone client initialized.
2024-02-05 15:58:59,404 - mph - INFO - Loading model "li_battery_2d_NMC-Gr.mph".
2024-02-05 15:59:41,658 - pyswarms.single.local_best - INFO - Optimize for 1 iters with {'c1': 0.5, 'c2': 0.3, 'w': 0.9, 'k': 5, 'p': 5}
2024-02-05 15:59:41,661 - mph - INFO - Starting local Comsol session.
2024-02-05 15:59:42,342 - mph - INFO - Starting Java virtual machine.
2024-02-05 15:59:42,937 - mph - INFO - Java virtual machine has started.
2024-02-05 15:59:43,978 - mph - INFO - Initializing stand-alone client.
2024-02-05 15:59:46,234 - mph - INFO - Preference "tempfiles.saving.warnifoverwriteolder" does not exist.
2024-02-05 15:59:46,237 - mph - INFO - Preference "tempfiles.saving.optimize" does not exist.
2024-02-05 15:59:46,238 - mph - INFO - Stand-alone client initialized.
2024-02-05 15:59:46,239 - mph - INFO - Loading model "li_battery_2d_NMC-Gr.mph".
2024-02-05 15:59:56,352 - mph - INFO - Finished loading model.
2024-02-05 15:59:56,385 - mph - INFO - Exiting the Java virtual machine.
2024-02-05 16:25:03,772 - pyswarms.single.local_best - INFO - Optimize for 1 iters with {'c1': 0.5, 'c2': 0.3, 'w': 0.9, 'k': 5, 'p': 5}
2024-02-05 16:26:12,982 - pyswarms.single.local_best - INFO - Optimize for 1 iters with {'c1': 0.5, 'c2': 0.3, 'w': 0.9, 'k': 5, 'p': 5}
2024-02-05 16:33:11,527 - pyswarms.single.local_best - INFO - Optimize for 1 iters with {'c1': 0.5, 'c2': 0.3, 'w': 0.9, 'k': 5, 'p': 5}
2024-02-05 16:33:11,530 - mph - INFO - Starting local Comsol session.
2024-02-05 16:33:12,266 - mph - INFO - Starting Java virtual machine.
2024-02-05 16:33:12,851 - mph - INFO - Java virtual machine has started.
2024-02-05 16:33:13,890 - mph - INFO - Initializing stand-alone client.
2024-02-05 16:33:16,170 - mph - INFO - Preference "tempfiles.saving.warnifoverwriteolder" does not exist.
2024-02-05 16:33:16,173 - mph - INFO - Preference "tempfiles.saving.optimize" does not exist.
2024-02-05 16:33:16,173 - mph - INFO - Stand-alone client initialized.
2024-02-05 16:33:16,174 - mph - INFO - Loading model "li_battery_2d_NMC-Gr.mph".
2024-02-05 16:33:26,132 - mph - INFO - Finished loading model.
2024-02-05 16:33:26,166 - mph - INFO - Exiting the Java virtual machine.
2024-02-05 16:34:12,792 - pyswarms.single.local_best - INFO - Optimize for 1 iters with {'c1': 0.5, 'c2': 0.3, 'w': 0.9, 'k': 5, 'p': 5}
2024-02-05 16:34:12,796 - mph - INFO - Starting local Comsol session.
2024-02-05 16:34:13,495 - mph - INFO - Starting Java virtual machine.
2024-02-05 16:34:14,086 - mph - INFO - Java virtual machine has started.
2024-02-05 16:34:15,152 - mph - INFO - Initializing stand-alone client.
2024-02-05 16:34:17,376 - mph - INFO - Preference "tempfiles.saving.warnifoverwriteolder" does not exist.
2024-02-05 16:34:17,378 - mph - INFO - Preference "tempfiles.saving.optimize" does not exist.
2024-02-05 16:34:17,378 - mph - INFO - Stand-alone client initialized.
2024-02-05 16:34:17,380 - mph - INFO - Loading model "li_battery_2d_NMC-Gr.mph".
2024-02-05 16:34:27,738 - mph - INFO - Finished loading model.
2024-02-05 16:34:27,741 - mph - INFO - Exiting the Java virtual machine.
2024-02-05 16:45:59,990 - pyswarms.single.local_best - INFO - Optimize for 1 iters with {'c1': 0.5, 'c2': 0.3, 'w': 0.9, 'k': 5, 'p': 5}
2024-02-05 16:45:59,993 - mph - INFO - Starting local Comsol session.
2024-02-05 16:46:00,760 - mph - INFO - Starting Java virtual machine.
2024-02-05 16:46:01,385 - mph - INFO - Java virtual machine has started.
2024-02-05 16:46:02,429 - mph - INFO - Initializing stand-alone client.
2024-02-05 16:46:04,572 - mph - INFO - Preference "tempfiles.saving.warnifoverwriteolder" does not exist.
2024-02-05 16:46:04,575 - mph - INFO - Preference "tempfiles.saving.optimize" does not exist.
2024-02-05 16:46:04,576 - mph - INFO - Stand-alone client initialized.
2024-02-05 16:46:04,577 - mph - INFO - Loading model "li_battery_2d_NMC-Gr.mph".
2024-02-05 16:46:15,008 - mph - INFO - Finished loading model.
2024-02-05 16:46:15,109 - mph - INFO - Running study "Discharge".
2024-02-05 16:46:50,098 - mph - INFO - Finished solving study.
2024-02-05 16:46:50,169 - mph - INFO - Running export node "Discharge".
2024-02-05 16:46:55,275 - mph - INFO - Finished running export.
2024-02-05 16:46:55,752 - mph - INFO - mph.start() returning the existing client instance.
2024-02-05 16:46:55,754 - mph - INFO - Loading model "li_battery_2d_NMC-Gr.mph".
2024-02-05 16:46:57,510 - mph - INFO - Finished loading model.
2024-02-05 16:46:57,551 - mph - INFO - Running study "Discharge".
2024-02-05 16:47:22,455 - mph - INFO - Finished solving study.
2024-02-05 16:47:22,458 - mph - INFO - Running export node "Discharge".
2024-02-05 16:47:27,256 - mph - INFO - Finished running export.
2024-02-05 16:47:27,572 - mph - INFO - mph.start() returning the existing client instance.
2024-02-05 16:47:27,573 - mph - INFO - Loading model "li_battery_2d_NMC-Gr.mph".
2024-02-05 16:47:28,972 - mph - INFO - Finished loading model.
2024-02-05 16:47:29,017 - mph - INFO - Running study "Discharge".
2024-02-05 16:47:55,073 - mph - INFO - Finished solving study.
2024-02-05 16:47:55,077 - mph - INFO - Running export node "Discharge".
2024-02-05 16:47:59,963 - mph - INFO - Finished running export.
2024-02-05 16:48:00,266 - mph - INFO - mph.start() returning the existing client instance.
2024-02-05 16:48:00,267 - mph - INFO - Loading model "li_battery_2d_NMC-Gr.mph".
2024-02-05 16:48:01,618 - mph - INFO - Finished loading model.
2024-02-05 16:48:01,656 - mph - INFO - Running study "Discharge".
2024-02-05 16:48:26,011 - mph - INFO - Finished solving study.
2024-02-05 16:48:26,014 - mph - INFO - Running export node "Discharge".
2024-02-05 16:48:31,195 - mph - INFO - Finished running export.
2024-02-05 16:48:31,502 - mph - INFO - mph.start() returning the existing client instance.
2024-02-05 16:48:31,502 - mph - INFO - Loading model "li_battery_2d_NMC-Gr.mph".
2024-02-05 16:48:32,670 - mph - INFO - Finished loading model.
2024-02-05 16:48:32,706 - mph - INFO - Running study "Discharge".
2024-02-05 16:48:59,443 - mph - INFO - Finished solving study.
2024-02-05 16:48:59,445 - mph - INFO - Running export node "Discharge".
2024-02-05 16:49:04,533 - mph - INFO - Finished running export.
2024-02-05 16:49:04,838 - mph - INFO - mph.start() returning the existing client instance.
2024-02-05 16:49:04,839 - mph - INFO - Loading model "li_battery_2d_NMC-Gr.mph".
2024-02-05 16:49:05,948 - mph - INFO - Finished loading model.
2024-02-05 16:49:05,989 - mph - INFO - Running study "Discharge".
2024-02-05 16:49:29,173 - mph - INFO - Finished solving study.
2024-02-05 16:49:29,175 - mph - INFO - Running export node "Discharge".
2024-02-05 16:49:34,604 - mph - INFO - Finished running export.
2024-02-05 16:49:34,917 - mph - INFO - mph.start() returning the existing client instance.
2024-02-05 16:49:34,918 - mph - INFO - Loading model "li_battery_2d_NMC-Gr.mph".
2024-02-05 16:49:35,912 - mph - INFO - Finished loading model.
2024-02-05 16:49:35,943 - mph - INFO - Running study "Discharge".
2024-02-05 16:50:01,130 - mph - INFO - Finished solving study.
2024-02-05 16:50:01,133 - mph - INFO - Running export node "Discharge".
2024-02-05 16:50:06,094 - mph - INFO - Finished running export.
2024-02-05 16:50:06,390 - mph - INFO - mph.start() returning the existing client instance.
2024-02-05 16:50:06,391 - mph - INFO - Loading model "li_battery_2d_NMC-Gr.mph".
2024-02-05 16:50:07,273 - mph - INFO - Finished loading model.
2024-02-05 16:50:07,304 - mph - INFO - Running study "Discharge".
2024-02-05 16:50:24,511 - mph - INFO - Finished solving study.
2024-02-05 16:50:24,514 - mph - INFO - Running export node "Discharge".
2024-02-05 16:50:29,479 - mph - INFO - Finished running export.
2024-02-05 16:50:29,788 - mph - INFO - mph.start() returning the existing client instance.
2024-02-05 16:50:29,789 - mph - INFO - Loading model "li_battery_2d_NMC-Gr.mph".
2024-02-05 16:50:30,724 - mph - INFO - Finished loading model.
2024-02-05 16:50:30,750 - mph - INFO - Running study "Discharge".
2024-02-05 16:50:53,478 - mph - INFO - Finished solving study.
2024-02-05 16:50:53,480 - mph - INFO - Running export node "Discharge".
2024-02-05 16:50:57,995 - mph - INFO - Finished running export.
2024-02-05 16:50:58,304 - mph - INFO - mph.start() returning the existing client instance.
2024-02-05 16:50:58,305 - mph - INFO - Loading model "li_battery_2d_NMC-Gr.mph".
2024-02-05 16:50:59,371 - mph - INFO - Finished loading model.
2024-02-05 16:50:59,402 - mph - INFO - Running study "Discharge".
2024-02-05 16:51:20,990 - mph - INFO - Finished solving study.
2024-02-05 16:51:20,993 - mph - INFO - Running export node "Discharge".
2024-02-05 16:51:25,478 - mph - INFO - Finished running export.
2024-02-05 16:51:25,795 - pyswarms.single.local_best - INFO - Optimization finished | best cost: 0.14996299119551937, best pos: [0.2619729  0.26252918 0.12519604 0.00593081 0.24444675]
2024-02-05 16:51:25,795 - mph - INFO - mph.start() returning the existing client instance.
2024-02-05 16:51:25,796 - mph - INFO - Loading model "li_battery_2d_NMC-Gr.mph".
2024-02-05 16:51:26,735 - mph - INFO - Finished loading model.
2024-02-05 16:51:26,770 - mph - INFO - Running study "Discharge".
2024-02-05 16:51:47,994 - mph - INFO - Finished solving study.
2024-02-05 16:51:47,997 - mph - INFO - Running export node "Discharge".
2024-02-05 16:51:52,575 - mph - INFO - Finished running export.
2024-02-05 16:52:37,932 - mph - INFO - Exiting the Java virtual machine.
2024-02-05 16:53:08,825 - pyswarms.single.local_best - INFO - Optimize for 1 iters with {'c1': 0.5, 'c2': 0.3, 'w': 0.9, 'k': 5, 'p': 5}
2024-02-05 16:53:08,829 - mph - INFO - Starting local Comsol session.
2024-02-05 16:53:09,545 - mph - INFO - Starting Java virtual machine.
2024-02-05 16:53:10,149 - mph - INFO - Java virtual machine has started.
2024-02-05 16:53:11,185 - mph - INFO - Initializing stand-alone client.
2024-02-05 16:53:13,237 - mph - INFO - Preference "tempfiles.saving.warnifoverwriteolder" does not exist.
2024-02-05 16:53:13,241 - mph - INFO - Preference "tempfiles.saving.optimize" does not exist.
2024-02-05 16:53:13,241 - mph - INFO - Stand-alone client initialized.
2024-02-05 16:53:13,243 - mph - INFO - Loading model "li_battery_2d_NMC-Gr.mph".
2024-02-05 16:53:23,498 - mph - INFO - Finished loading model.
2024-02-05 16:53:23,603 - mph - INFO - Running study "Discharge".
2024-02-05 16:53:47,515 - mph - INFO - Finished solving study.
2024-02-05 16:53:47,549 - mph - INFO - Running export node "Discharge".
2024-02-05 16:53:52,956 - mph - INFO - Finished running export.
2024-02-05 16:53:53,423 - mph - INFO - mph.start() returning the existing client instance.
2024-02-05 16:53:53,424 - mph - INFO - Loading model "li_battery_2d_NMC-Gr.mph".
2024-02-05 16:53:55,152 - mph - INFO - Finished loading model.
2024-02-05 16:53:55,197 - mph - INFO - Running study "Discharge".
2024-02-05 16:54:18,629 - mph - INFO - Finished solving study.
2024-02-05 16:54:18,631 - mph - INFO - Running export node "Discharge".
2024-02-05 16:54:23,319 - mph - INFO - Finished running export.
2024-02-05 16:54:23,632 - mph - INFO - mph.start() returning the existing client instance.
2024-02-05 16:54:23,633 - mph - INFO - Loading model "li_battery_2d_NMC-Gr.mph".
2024-02-05 16:54:25,032 - mph - INFO - Finished loading model.
2024-02-05 16:54:25,071 - mph - INFO - Running study "Discharge".
2024-02-05 16:54:56,757 - mph - INFO - Finished solving study.
2024-02-05 16:54:56,760 - mph - INFO - Running export node "Discharge".
2024-02-05 16:55:01,753 - mph - INFO - Finished running export.
2024-02-05 16:55:02,082 - mph - INFO - mph.start() returning the existing client instance.
2024-02-05 16:55:02,084 - mph - INFO - Loading model "li_battery_2d_NMC-Gr.mph".
2024-02-05 16:55:03,388 - mph - INFO - Finished loading model.
2024-02-05 16:55:03,423 - mph - INFO - Running study "Discharge".
2024-02-05 16:55:31,528 - mph - INFO - Finished solving study.
2024-02-05 16:55:31,530 - mph - INFO - Running export node "Discharge".
2024-02-05 16:55:36,851 - mph - INFO - Finished running export.
2024-02-05 16:55:37,148 - mph - INFO - mph.start() returning the existing client instance.
2024-02-05 16:55:37,149 - mph - INFO - Loading model "li_battery_2d_NMC-Gr.mph".
2024-02-05 16:55:38,310 - mph - INFO - Finished loading model.
2024-02-05 16:55:38,344 - mph - INFO - Running study "Discharge".
2024-02-05 16:56:10,545 - mph - INFO - Finished solving study.
2024-02-05 16:56:10,548 - mph - INFO - Running export node "Discharge".
2024-02-05 16:56:15,533 - mph - INFO - Finished running export.
2024-02-05 16:56:15,842 - mph - INFO - mph.start() returning the existing client instance.
2024-02-05 16:56:15,843 - mph - INFO - Loading model "li_battery_2d_NMC-Gr.mph".
2024-02-05 16:56:16,842 - mph - INFO - Finished loading model.
2024-02-05 16:56:16,874 - mph - INFO - Running study "Discharge".
2024-02-05 16:56:43,726 - mph - INFO - Finished solving study.
2024-02-05 16:56:43,728 - mph - INFO - Running export node "Discharge".
2024-02-05 16:56:48,677 - mph - INFO - Finished running export.
2024-02-05 16:56:48,999 - mph - INFO - mph.start() returning the existing client instance.
2024-02-05 16:56:49,000 - mph - INFO - Loading model "li_battery_2d_NMC-Gr.mph".
2024-02-05 16:56:50,086 - mph - INFO - Finished loading model.
2024-02-05 16:56:50,115 - mph - INFO - Running study "Discharge".
2024-02-05 16:57:16,384 - mph - INFO - Finished solving study.
2024-02-05 16:57:16,387 - mph - INFO - Running export node "Discharge".
2024-02-05 16:57:21,586 - mph - INFO - Finished running export.
2024-02-05 16:57:21,879 - mph - INFO - mph.start() returning the existing client instance.
2024-02-05 16:57:21,880 - mph - INFO - Loading model "li_battery_2d_NMC-Gr.mph".
2024-02-05 16:57:22,770 - mph - INFO - Finished loading model.
2024-02-05 16:57:22,800 - mph - INFO - Running study "Discharge".
2024-02-05 16:57:41,941 - mph - INFO - Finished solving study.
2024-02-05 16:57:41,943 - mph - INFO - Running export node "Discharge".
2024-02-05 16:57:47,085 - mph - INFO - Finished running export.
2024-02-05 16:57:47,395 - mph - INFO - mph.start() returning the existing client instance.
2024-02-05 16:57:47,396 - mph - INFO - Loading model "li_battery_2d_NMC-Gr.mph".
2024-02-05 16:57:48,384 - mph - INFO - Finished loading model.
2024-02-05 16:57:48,410 - mph - INFO - Running study "Discharge".
2024-02-05 16:58:08,850 - mph - INFO - Finished solving study.
2024-02-05 16:58:08,852 - mph - INFO - Running export node "Discharge".
2024-02-05 16:58:14,849 - mph - INFO - Finished running export.
2024-02-05 16:58:15,164 - mph - INFO - mph.start() returning the existing client instance.
2024-02-05 16:58:15,165 - mph - INFO - Loading model "li_battery_2d_NMC-Gr.mph".
2024-02-05 16:58:16,086 - mph - INFO - Finished loading model.
2024-02-05 16:58:16,114 - mph - INFO - Running study "Discharge".
2024-02-05 16:58:38,453 - mph - INFO - Finished solving study.
2024-02-05 16:58:38,456 - mph - INFO - Running export node "Discharge".
2024-02-05 16:58:42,827 - mph - INFO - Finished running export.
2024-02-05 16:58:43,191 - pyswarms.single.local_best - INFO - Optimization finished | best cost: 0.14944426562972057, best pos: [0.39485999 0.13959255 0.34533827 0.27668499 0.28651605]
2024-02-05 16:58:43,191 - mph - INFO - mph.start() returning the existing client instance.
2024-02-05 16:58:43,192 - mph - INFO - Loading model "li_battery_2d_NMC-Gr.mph".
2024-02-05 16:58:44,244 - mph - INFO - Finished loading model.
2024-02-05 16:58:44,274 - mph - INFO - Running study "Discharge".
2024-02-05 16:59:06,997 - mph - INFO - Finished solving study.
2024-02-05 16:59:06,999 - mph - INFO - Running export node "Discharge".
2024-02-05 16:59:11,913 - mph - INFO - Finished running export.
2024-02-05 16:59:35,143 - mph - INFO - Exiting the Java virtual machine.
2024-02-05 17:09:04,142 - pyswarms.single.local_best - INFO - Optimize for 1 iters with {'c1': 0.5, 'c2': 0.3, 'w': 0.9, 'k': 5, 'p': 5}
2024-02-05 17:09:04,146 - mph - INFO - Starting local Comsol session.
2024-02-05 17:09:04,886 - mph - INFO - Starting Java virtual machine.
2024-02-05 17:09:05,474 - mph - INFO - Java virtual machine has started.
2024-02-05 17:09:06,501 - mph - INFO - Initializing stand-alone client.
2024-02-05 17:09:08,661 - mph - INFO - Preference "tempfiles.saving.warnifoverwriteolder" does not exist.
2024-02-05 17:09:08,666 - mph - INFO - Preference "tempfiles.saving.optimize" does not exist.
2024-02-05 17:09:08,670 - mph - INFO - Stand-alone client initialized.
2024-02-05 17:09:08,672 - mph - INFO - Loading model "li_battery_2d_NMC-Gr.mph".
2024-02-05 17:09:19,445 - mph - INFO - Finished loading model.
2024-02-05 17:09:19,550 - mph - INFO - Running study "Discharge".
2024-02-05 17:09:47,855 - mph - INFO - Finished solving study.
2024-02-05 17:09:47,885 - mph - INFO - Running export node "Discharge".
2024-02-05 17:09:53,174 - mph - INFO - Finished running export.
2024-02-05 17:09:53,698 - mph - INFO - mph.start() returning the existing client instance.
2024-02-05 17:09:53,699 - mph - INFO - Loading model "li_battery_2d_NMC-Gr.mph".
2024-02-05 17:09:55,246 - mph - INFO - Finished loading model.
2024-02-05 17:09:55,290 - mph - INFO - Running study "Discharge".
2024-02-05 17:10:55,239 - pyswarms.single.local_best - INFO - Optimize for 1 iters with {'c1': 0.5, 'c2': 0.3, 'w': 0.9, 'k': 5, 'p': 5}
2024-02-05 17:10:55,243 - mph - INFO - Starting local Comsol session.
2024-02-05 17:10:55,954 - mph - INFO - Starting Java virtual machine.
2024-02-05 17:10:56,555 - mph - INFO - Java virtual machine has started.
2024-02-05 17:10:57,637 - mph - INFO - Initializing stand-alone client.
2024-02-05 17:10:59,784 - mph - INFO - Preference "tempfiles.saving.warnifoverwriteolder" does not exist.
2024-02-05 17:10:59,788 - mph - INFO - Preference "tempfiles.saving.optimize" does not exist.
2024-02-05 17:10:59,788 - mph - INFO - Stand-alone client initialized.
2024-02-05 17:10:59,789 - mph - INFO - Loading model "li_battery_2d_NMC-Gr.mph".
2024-02-05 17:11:10,444 - mph - INFO - Finished loading model.
2024-02-05 17:11:10,547 - mph - INFO - Running study "Discharge".
2024-02-05 17:42:40,866 - pyswarms.single.local_best - INFO - Optimize for 1 iters with {'c1': 0.5, 'c2': 0.3, 'w': 0.9, 'k': 5, 'p': 5}
2024-02-05 17:42:58,415 - pyswarms.single.local_best - INFO - Optimize for 1 iters with {'c1': 0.5, 'c2': 0.3, 'w': 0.9, 'k': 5, 'p': 5}
2024-02-05 17:42:58,419 - mph - INFO - Starting local Comsol session.
2024-02-05 17:42:59,127 - mph - INFO - Starting Java virtual machine.
2024-02-05 17:42:59,708 - mph - INFO - Java virtual machine has started.
2024-02-05 17:43:00,781 - mph - INFO - Initializing stand-alone client.
2024-02-05 17:43:02,949 - mph - INFO - Preference "tempfiles.saving.warnifoverwriteolder" does not exist.
2024-02-05 17:43:02,952 - mph - INFO - Preference "tempfiles.saving.optimize" does not exist.
2024-02-05 17:43:02,952 - mph - INFO - Stand-alone client initialized.
2024-02-05 17:43:02,954 - mph - INFO - Loading model "li_battery_2d_NMC-Gr.mph".
2024-02-05 17:47:55,204 - mph - INFO - Starting local Comsol session.
2024-02-05 17:47:55,908 - mph - INFO - Starting Java virtual machine.
2024-02-05 17:47:56,496 - mph - INFO - Java virtual machine has started.
2024-02-05 17:47:57,539 - mph - INFO - Initializing stand-alone client.
2024-02-05 17:47:59,849 - mph - INFO - Preference "tempfiles.saving.warnifoverwriteolder" does not exist.
2024-02-05 17:47:59,852 - mph - INFO - Preference "tempfiles.saving.optimize" does not exist.
2024-02-05 17:47:59,852 - mph - INFO - Stand-alone client initialized.
2024-02-05 17:47:59,853 - mph - INFO - Loading model "li_battery_2d_NMC-Gr.mph".
2024-02-05 17:48:11,151 - mph - INFO - Finished loading model.
2024-02-05 17:48:11,281 - mph - INFO - Running study "Discharge".
2024-02-05 17:48:47,600 - mph - INFO - Finished solving study.
2024-02-05 17:48:47,641 - mph - INFO - Running export node "Discharge".
2024-02-05 17:48:52,695 - mph - INFO - Finished running export.
2024-02-05 17:48:53,176 - dfols.util - INFO - Function eval 1 at point 1 has f = 54.2937328264128 at x = [0.01 0.01 0.01 0.01 0.01]
2024-02-05 17:48:53,177 - dfols.solver - INFO - Initialising (coordinate directions)
2024-02-05 17:48:53,177 - dfols.solver - INFO - Did a total of 1 run(s)
2024-02-05 17:48:53,178 - mph - INFO - mph.start() returning the existing client instance.
2024-02-05 17:48:53,179 - mph - INFO - Loading model "li_battery_2d_NMC-Gr.mph".
2024-02-05 17:48:55,177 - mph - INFO - Finished loading model.
2024-02-05 17:48:55,219 - mph - INFO - Running study "Discharge".
2024-02-05 17:49:27,174 - mph - INFO - Finished solving study.
2024-02-05 17:49:27,205 - mph - INFO - Running export node "Discharge".
2024-02-05 17:49:33,465 - mph - INFO - Finished running export.
2024-02-05 17:49:51,256 - mph - INFO - Exiting the Java virtual machine.
